<?xml version="1.0" encoding="UTF-8"?>
<!-- Generated by org.testng.reporters.JUnitReportReporter -->
<testsuite hostname="WS-PC0Q2H0N" failures="0" tests="1" name="com.ali.automation.functional.VerifyProductAvailabilityTest" time="19.642" errors="0" timestamp="19 oct. 2020 04:09:05 GMT" skipped="0">
  <testcase classname="com.ali.automation.functional.VerifyProductAvailabilityTest" name="verifyProductAvailability" time="19.642"/>
</testsuite> <!-- com.ali.automation.functional.VerifyProductAvailabilityTest -->
